[debug] [2022-09-04T05:08:58.082Z] ----------------------------------------------------------------------
[debug] [2022-09-04T05:08:58.084Z] Command:       C:\Program Files\nodejs\node.exe C:\Users\Priyansh Jhalora\AppData\Roaming\npm\node_modules\firebase-tools\lib\bin\firebase.js init
[debug] [2022-09-04T05:08:58.085Z] CLI Version:   11.8.0
[debug] [2022-09-04T05:08:58.085Z] Platform:      win32
[debug] [2022-09-04T05:08:58.085Z] Node Version:  v17.5.0
[debug] [2022-09-04T05:08:58.085Z] Time:          Sun Sep 04 2022 10:38:58 GMT+0530 (India Standard Time)
[debug] [2022-09-04T05:08:58.086Z] ----------------------------------------------------------------------
[debug] 
[debug] [2022-09-04T05:08:58.092Z] > command requires scopes: ["email","openid","https://www.googleapis.com/auth/cloudplatformprojects.readonly","https://www.googleapis.com/auth/firebase","https://www.googleapis.com/auth/cloud-platform"]
[debug] [2022-09-04T05:08:58.093Z] > authorizing via signed-in user (quizdotio@gmail.com)
[info] 
     ######## #### ########  ######## ########     ###     ######  ########
     ##        ##  ##     ## ##       ##     ##  ##   ##  ##       ##
     ######    ##  ########  ######   ########  #########  ######  ######
     ##        ##  ##    ##  ##       ##     ## ##     ##       ## ##
     ##       #### ##     ## ######## ########  ##     ##  ######  ########

You're about to initialize a Firebase project in this directory:

  D:\Projects and Code\Quiz.io\api

[info] 
=== Project Setup
[info] 
[info] First, let's associate this project directory with a Firebase project.
[info] You can create multiple project aliases by running firebase use --add, 
[info] but for now we'll just set up a default project.
[info] 
[debug] [2022-09-04T05:09:34.380Z] >>> [apiv2][query] GET https://firebase.googleapis.com/v1beta1/projects pageSize=100
[debug] [2022-09-04T05:09:35.239Z] <<< [apiv2][status] GET https://firebase.googleapis.com/v1beta1/projects 200
[debug] [2022-09-04T05:09:35.240Z] <<< [apiv2][body] GET https://firebase.googleapis.com/v1beta1/projects [omitted]
[info] i  Using project quiz-e2aa1 (quiz) 
[info] 
=== Hosting Setup
[info] 
[info] Your public directory is the folder (relative to your project directory) that
[info] will contain Hosting assets to be uploaded with firebase deploy. If you
[info] have a build process for your assets, use your build's output directory.
[info] 
[debug] [2022-09-04T05:09:58.930Z] >>> [apiv2][query] GET https://www.gstatic.com/firebasejs/releases.json [none]
[debug] [2022-09-04T05:09:59.066Z] <<< [apiv2][status] GET https://www.gstatic.com/firebasejs/releases.json 200
[debug] [2022-09-04T05:09:59.066Z] <<< [apiv2][body] GET https://www.gstatic.com/firebasejs/releases.json {"current":{"version":"9.9.4","browserURL":"https://www.gstatic.com/firebasejs/9.9.4/firebase.js","packageURL":"https://www.gstatic.com/firebasejs/9.9.4/firebase.tgz"},"live":{"version":"9.9","browserURL":"https://www.gstatic.com/firebasejs/live/9.9/firebase.js","packageURL":"https://www.gstatic.com/firebasejs/live/9.9/firebase.tgz"},"components":{"analytics":"https://www.gstatic.com/firebasejs/9.9.4/firebase-analytics.js","app":"https://www.gstatic.com/firebasejs/9.9.4/firebase-app.js","app-check":"https://www.gstatic.com/firebasejs/9.9.4/firebase-app-check.js","auth":"https://www.gstatic.com/firebasejs/9.9.4/firebase-auth.js","auth/cordova":"https://www.gstatic.com/firebasejs/9.9.4/firebase-auth/cordova.js","auth/react-native":"https://www.gstatic.com/firebasejs/9.9.4/firebase-auth/react-native.js","functions":"https://www.gstatic.com/firebasejs/9.9.4/firebase-functions.js","firestore":"https://www.gstatic.com/firebasejs/9.9.4/firebase-firestore.js","firestore/lite":"https://www.gstatic.com/firebasejs/9.9.4/firebase-firestore/lite.js","installations":"https://www.gstatic.com/firebasejs/9.9.4/firebase-installations.js","storage":"https://www.gstatic.com/firebasejs/9.9.4/firebase-storage.js","performance":"https://www.gstatic.com/firebasejs/9.9.4/firebase-performance.js","remote-config":"https://www.gstatic.com/firebasejs/9.9.4/firebase-remote-config.js","messaging":"https://www.gstatic.com/firebasejs/9.9.4/firebase-messaging.js","messaging/sw":"https://www.gstatic.com/firebasejs/9.9.4/firebase-messaging/sw.js","database":"https://www.gstatic.com/firebasejs/9.9.4/firebase-database.js","firestore.memory":"https://www.gstatic.com/firebasejs/9.9.4/firebase-firestore.memory.js"}}
[info] +  Wrote public/index.html 
[info] 
[info] i  Detected a .git folder at D:\Projects and Code\Quiz.io 
[info] i  Authorizing with GitHub to upload your service account to a GitHub repository's secrets store. 
[info] 
[info] Visit this URL on this device to log in:
[info] https://github.com/login/oauth/authorize?client_id=89cf50f02ac6aaed3484&state=224438316&redirect_uri=http%3A%2F%2Flocalhost%3A9005&scope=read%3Auser%20repo%20public_repo
[info] 
[info] Waiting for authentication...
[debug] [2022-09-04T05:10:11.567Z] >>> [apiv2][query] POST https://github.com/login/oauth/access_token [none]
[debug] [2022-09-04T05:10:11.567Z] >>> [apiv2][body] POST https://github.com/login/oauth/access_token [stream]
[debug] [2022-09-04T05:10:12.260Z] <<< [apiv2][status] POST https://github.com/login/oauth/access_token 200
[debug] [2022-09-04T05:10:12.261Z] <<< [apiv2][body] POST https://github.com/login/oauth/access_token {"access_token":"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","token_type":"bearer","scope":"read:user,repo"}
[debug] [2022-09-04T05:10:12.274Z] >>> [apiv2][query] GET https://api.github.com/user [none]
[debug] [2022-09-04T05:10:12.715Z] <<< [apiv2][status] GET https://api.github.com/user 200
[debug] [2022-09-04T05:10:12.716Z] <<< [apiv2][body] GET https://api.github.com/user {"login":"dronacharya-io","id":110523645,"node_id":"U_kgDOBpZ0_Q","avatar_url":"https://avatars.githubusercontent.com/u/110523645?v=4","gravatar_id":"","url":"https://api.github.com/users/dronacharya-io","html_url":"https://github.com/dronacharya-io","followers_url":"https://api.github.com/users/dronacharya-io/followers","following_url":"https://api.github.com/users/dronacharya-io/following{/other_user}","gists_url":"https://api.github.com/users/dronacharya-io/gists{/gist_id}","starred_url":"https://api.github.com/users/dronacharya-io/starred{/owner}{/repo}","subscriptions_url":"https://api.github.com/users/dronacharya-io/subscriptions","organizations_url":"https://api.github.com/users/dronacharya-io/orgs","repos_url":"https://api.github.com/users/dronacharya-io/repos","events_url":"https://api.github.com/users/dronacharya-io/events{/privacy}","received_events_url":"https://api.github.com/users/dronacharya-io/received_events","type":"User","site_admin":false,"name":"Dronacharya-io","company":null,"blog":"","location":null,"email":null,"hireable":null,"bio":null,"twitter_username":null,"public_repos":3,"public_gists":0,"followers":0,"following":0,"created_at":"2022-08-03T07:10:23Z","updated_at":"2022-09-04T05:10:08Z","private_gists":0,"total_private_repos":0,"owned_private_repos":0,"disk_usage":50908,"collaborators":0,"two_factor_authentication":false,"plan":{"name":"free","space":976562499,"collaborators":0,"private_repos":10000}}
[info] 
[info] +  Success! Logged into GitHub as dronacharya-io 
[info] 
